#
# There is insufficient memory for the Java Runtime Environment to continue.
# Native memory allocation (mmap) failed to map 134217728 bytes for G1 virtual space
# Possible reasons:
#   The system is out of physical RAM or swap space
#   The process is running with CompressedOops enabled, and the Java Heap may be blocking the growth of the native heap
# Possible solutions:
#   Reduce memory load on the system
#   Increase physical memory or swap space
#   Check if swap backing store is full
#   Decrease Java heap size (-Xmx/-Xms)
#   Decrease number of Java threads
#   Decrease Java thread stack sizes (-Xss)
#   Set larger code cache with -XX:ReservedCodeCacheSize=
#   JVM is running with Unscaled Compressed Oops mode in which the Java heap is
#     placed in the first 4GB address space. The Java Heap base address is the
#     maximum limit for the native heap growth. Please use -XX:HeapBaseMinAddress
#     to set the Java Heap base and to place the Java Heap above 4GB virtual address.
# This output file may be truncated or incomplete.
#
#  Out of Memory Error (./open/src/hotspot/os/windows/os_windows.cpp:3321), pid=15072, tid=13616
#
# JRE version:  (15.0.2+7) (build )
# Java VM: Java HotSpot(TM) 64-Bit Server VM (15.0.2+7-27, mixed mode, sharing, tiered, compressed oops, g1 gc, windows-amd64)
# No core dump will be written. Minidumps are not enabled by default on client versions of Windows
#

---------------  S U M M A R Y ------------

Command Line: com.accarga.Dashboard

Host: Intel(R) Pentium(R) CPU G2020 @ 2.90GHz, 2 cores, 7G,  Windows 10 , 64 bit Build 22621 (10.0.22621.3958)
Time: Wed Oct  2 09:48:40 2024 Hora est. Pacífico, Sudamérica elapsed time: 0.018813 seconds (0d 0h 0m 0s)

---------------  T H R E A D  ---------------

Current thread (0x000001da3781d1e0):  JavaThread "Unknown thread" [_thread_in_vm, id=13616, stack(0x0000009c1af00000,0x0000009c1b000000)]

Stack: [0x0000009c1af00000,0x0000009c1b000000]
Native frames: (J=compiled Java code, j=interpreted, Vv=VM code, C=native code)
V  [jvm.dll+0x62ae9a]
V  [jvm.dll+0x7817a9]
V  [jvm.dll+0x782f03]
V  [jvm.dll+0x783563]
V  [jvm.dll+0x216325]
V  [jvm.dll+0x6281d9]
V  [jvm.dll+0x61cf55]
V  [jvm.dll+0x2cffdd]
V  [jvm.dll+0x2cfe42]
V  [jvm.dll+0x2d5e1c]
V  [jvm.dll+0x32590a]
V  [jvm.dll+0x324fd4]
V  [jvm.dll+0x2a6f5a]
V  [jvm.dll+0x2a80f8]
V  [jvm.dll+0x75e241]
V  [jvm.dll+0x3341c4]
V  [jvm.dll+0x73e926]
V  [jvm.dll+0x3b7557]
V  [jvm.dll+0x3b8fe1]
C  [jli.dll+0x52fb]
C  [ucrtbase.dll+0x29333]
C  [KERNEL32.DLL+0x1257d]
C  [ntdll.dll+0x5af28]


---------------  P R O C E S S  ---------------

Threads class SMR info:
_java_thread_list=0x00007ff9f6794ff0, length=0, elements={
}

Java Threads: ( => current thread )

Other Threads:
  0x000001da398ae820 GCTaskThread "GC Thread#0" [stack: 0x0000009c1b000000,0x0000009c1b100000] [id=7980]
  0x000001da398c06d0 ConcurrentGCThread "G1 Main Marker" [stack: 0x0000009c1b100000,0x0000009c1b200000] [id=6400]
  0x000001da398c1a60 ConcurrentGCThread "G1 Conc#0" [stack: 0x0000009c1b200000,0x0000009c1b300000] [id=9260]

[error occurred during error reporting (printing all threads), id 0xc0000005, EXCEPTION_ACCESS_VIOLATION (0xc0000005) at pc=0x00007ff9f5f87e27]

VM state: not at safepoint (not fully initialized)

VM Mutex/Monitor currently owned by a thread:  ([mutex/lock_event])
[0x000001da3986f860] Heap_lock - owner thread: 0x000001da3781d1e0

Heap address: 0x0000000081c00000, size: 2020 MB, Compressed Oops mode: 32-bit
CDS archive(s) mapped at: [0x0000000000000000-0x0000000000000000-0x0000000000000000), size 0, SharedBaseAddress: 0x0000000800000000, ArchiveRelocationMode: 0.
Narrow klass base: 0x0000000000000000, Narrow klass shift: 0, Narrow klass range: 0x0

Heap:
 garbage-first heap   total 131072K, used 0K [0x0000000081c00000, 0x0000000100000000)
  region size 1024K, 0 young (0K), 0 survivors (0K)
 Metaspace       used 0K, capacity 0K, committed 0K, reserved 0K
  class space    used 0K, capacity 0K, committed 0K, reserved 0K

Heap Regions: E=young(eden), S=young(survivor), O=old, HS=humongous(starts), HC=humongous(continues), CS=collection set, F=free, OA=open archive, CA=closed archive, TAMS=top-at-mark-start (previous, next)

Card table byte_map: [0x000001da50a90000,0x000001da50e90000] _byte_map_base: 0x000001da50682000

Marking Bits (Prev, Next): (CMBitMap*) 0x000001da398af010, (CMBitMap*) 0x000001da398af050
 Prev Bits: [0x000001da51290000, 0x000001da53220000)
 Next Bits: [0x000001da53220000, 0x000001da551b0000)

GC Heap History (0 events):
No events

Deoptimization events (0 events):
No events

Classes unloaded (0 events):
No events

Classes redefined (0 events):
No events

Internal exceptions (0 events):
No events

Events (1 events):
Event: 0.011 Loaded shared library C:\Program Files\Java\jdk-15.0.2\bin\java.dll


Dynamic libraries:
0x00007ff6e23d0000 - 0x00007ff6e23df000 	C:\Program Files\Java\jdk-15.0.2\bin\java.exe
0x00007ffa65c50000 - 0x00007ffa65e67000 	C:\Windows\SYSTEM32\ntdll.dll
0x00007ffa429c0000 - 0x00007ffa429da000 	C:\Program Files\Avast Software\Avast\aswhook.dll
0x00007ffa65110000 - 0x00007ffa651d4000 	C:\Windows\System32\KERNEL32.DLL
0x00007ffa632d0000 - 0x00007ffa6367d000 	C:\Windows\System32\KERNELBASE.dll
0x00007ffa631b0000 - 0x00007ffa632c1000 	C:\Windows\System32\ucrtbase.dll
0x00007ffa5ff80000 - 0x00007ffa5ff98000 	C:\Program Files\Java\jdk-15.0.2\bin\jli.dll
0x00007ffa460b0000 - 0x00007ffa460c9000 	C:\Program Files\Java\jdk-15.0.2\bin\VCRUNTIME140.dll
0x00007ffa64ab0000 - 0x00007ffa64b62000 	C:\Windows\System32\ADVAPI32.dll
0x00007ffa65b20000 - 0x00007ffa65bc7000 	C:\Windows\System32\msvcrt.dll
0x00007ffa64d30000 - 0x00007ffa64dd9000 	C:\Windows\System32\sechost.dll
0x00007ffa63180000 - 0x00007ffa631a8000 	C:\Windows\System32\bcrypt.dll
0x00007ffa63d60000 - 0x00007ffa63e74000 	C:\Windows\System32\RPCRT4.dll
0x00007ffa64e10000 - 0x00007ffa64fbe000 	C:\Windows\System32\USER32.dll
0x00007ffa63150000 - 0x00007ffa63176000 	C:\Windows\System32\win32u.dll
0x00007ffa493d0000 - 0x00007ffa49663000 	C:\Windows\WinSxS\amd64_microsoft.windows.common-controls_6595b64144ccf1df_6.0.22621.3672_none_2713b9d173822955\COMCTL32.dll
0x00007ffa64de0000 - 0x00007ffa64e09000 	C:\Windows\System32\GDI32.dll
0x00007ffa63860000 - 0x00007ffa63979000 	C:\Windows\System32\gdi32full.dll
0x00007ffa63700000 - 0x00007ffa6379a000 	C:\Windows\System32\msvcp_win.dll
0x00007ffa556b0000 - 0x00007ffa556ba000 	C:\Windows\SYSTEM32\VERSION.dll
0x00007ffa65bd0000 - 0x00007ffa65c01000 	C:\Windows\System32\IMM32.DLL
0x00007ffa5f2f0000 - 0x00007ffa5f2fc000 	C:\Program Files\Java\jdk-15.0.2\bin\vcruntime140_1.dll
0x00007ffa2ca20000 - 0x00007ffa2cab1000 	C:\Program Files\Java\jdk-15.0.2\bin\msvcp140.dll
0x00007ff9f5cd0000 - 0x00007ff9f682e000 	C:\Program Files\Java\jdk-15.0.2\bin\server\jvm.dll
0x00007ffa63fe0000 - 0x00007ffa63fe8000 	C:\Windows\System32\PSAPI.DLL
0x00007ffa565b0000 - 0x00007ffa565b9000 	C:\Windows\SYSTEM32\WSOCK32.dll
0x00007ffa63a80000 - 0x00007ffa63af1000 	C:\Windows\System32\WS2_32.dll
0x00007ffa5f770000 - 0x00007ffa5f7a4000 	C:\Windows\SYSTEM32\WINMM.dll
0x00007ffa61fc0000 - 0x00007ffa61fd8000 	C:\Windows\SYSTEM32\kernel.appcore.dll
0x00007ffa57d00000 - 0x00007ffa57d0a000 	C:\Program Files\Java\jdk-15.0.2\bin\jimage.dll
0x00007ffa5a500000 - 0x00007ffa5a732000 	C:\Windows\SYSTEM32\DBGHELP.DLL
0x00007ffa65790000 - 0x00007ffa65b1e000 	C:\Windows\System32\combase.dll
0x00007ffa63980000 - 0x00007ffa63a57000 	C:\Windows\System32\OLEAUT32.dll
0x00007ffa5a4c0000 - 0x00007ffa5a4f2000 	C:\Windows\SYSTEM32\dbgcore.DLL
0x00007ffa63680000 - 0x00007ffa636fb000 	C:\Windows\System32\bcryptPrimitives.dll
0x00007ffa41e40000 - 0x00007ffa41e65000 	C:\Program Files\Java\jdk-15.0.2\bin\java.dll

dbghelp: loaded successfully - version: 4.0.5 - missing functions: none
symbol engine: initialized successfully - sym options: 0x614 - pdb path: .;C:\Program Files\Java\jdk-15.0.2\bin;C:\Windows\SYSTEM32;C:\Program Files\Avast Software\Avast;C:\Windows\WinSxS\amd64_microsoft.windows.common-controls_6595b64144ccf1df_6.0.22621.3672_none_2713b9d173822955;C:\Program Files\Java\jdk-15.0.2\bin\server

VM Arguments:
java_command: com.accarga.Dashboard
java_class_path (initial): D:\escritorio\ANGEL_SANTIAGO\SENA\crud_ac_carga\crud\target\classes;C:\Users\Flia Castiblanco\.m2\repository\com\formdev\flatlaf\3.5.1\flatlaf-3.5.1.jar;C:\Users\Flia Castiblanco\.m2\repository\com\formdev\flatlaf-intellij-themes\3.5.1\flatlaf-intellij-themes-3.5.1.jar;C:\Users\Flia Castiblanco\.m2\repository\org\netbeans\external\AbsoluteLayout\RELEASE190\AbsoluteLayout-RELEASE190.jar
Launcher Type: SUN_STANDARD

[Global flags]
     intx CICompilerCount                          = 2                                         {product} {ergonomic}
     uint ConcGCThreads                            = 1                                         {product} {ergonomic}
     uint G1ConcRefinementThreads                  = 2                                         {product} {ergonomic}
   size_t G1HeapRegionSize                         = 1048576                                   {product} {ergonomic}
    uintx GCDrainStackTargetSize                   = 64                                        {product} {ergonomic}
   size_t InitialHeapSize                          = 134217728                                 {product} {ergonomic}
   size_t MarkStackSize                            = 4194304                                   {product} {ergonomic}
   size_t MaxHeapSize                              = 2118123520                                {product} {ergonomic}
   size_t MinHeapDeltaBytes                        = 1048576                                   {product} {ergonomic}
   size_t MinHeapSize                              = 8388608                                   {product} {ergonomic}
    uintx NonNMethodCodeHeapSize                   = 5826188                                {pd product} {ergonomic}
    uintx NonProfiledCodeHeapSize                  = 122916026                              {pd product} {ergonomic}
    uintx ProfiledCodeHeapSize                     = 122916026                              {pd product} {ergonomic}
    uintx ReservedCodeCacheSize                    = 251658240                              {pd product} {ergonomic}
     bool SegmentedCodeCache                       = true                                      {product} {ergonomic}
   size_t SoftMaxHeapSize                          = 2118123520                             {manageable} {ergonomic}
     bool UseCompressedClassPointers               = true                                 {lp64_product} {ergonomic}
     bool UseCompressedOops                        = true                                 {lp64_product} {ergonomic}
     bool UseG1GC                                  = true                                      {product} {ergonomic}
     bool UseLargePagesIndividualAllocation        = false                                  {pd product} {ergonomic}

Logging:
Log output configuration:
 #0: stdout all=warning uptime,level,tags
 #1: stderr all=off uptime,level,tags

Environment Variables:
JAVA_HOME=C:\Program Files\Java\jdk-15.0.2
PATH=C:\Python312\Scripts\;C:\Python312\;C:\Program Files\Common Files\Oracle\Java\javapath;C:\Program Files (x86)\Common Files\Oracle\Java\java8path;C:\Program Files (x86)\Common Files\Oracle\Java\javapath;C:\Windows\system32;C:\Windows;C:\Windows\System32\Wbem;C:\Windows\System32\WindowsPowerShell\v1.0\;C:\Program Files\nodejs\;C:\ProgramData\chocolatey\bin;C:\Users\Flia Castiblanco\AppData\Local\Microsoft\WindowsApps;;C:\Users\Flia Castiblanco\AppData\Local\Programs\Microsoft VS Code\bin;C:\Users\Flia Castiblanco\AppData\Roaming\npm
USERNAME=Flia Castiblanco
OS=Windows_NT
PROCESSOR_IDENTIFIER=Intel64 Family 6 Model 58 Stepping 9, GenuineIntel



---------------  S Y S T E M  ---------------

OS:
 Windows 10 , 64 bit Build 22621 (10.0.22621.3958)
OS uptime: 0 days 23:48 hours

CPU: total 2 (initial active 2) (2 cores per cpu, 1 threads per core) family 6 model 58 stepping 9 microcode 0x21, cmov, cx8, fxsr, mmx, sse, sse2, sse3, ssse3, sse4.1, sse4.2, popcnt, clmul, erms, tsc, tscinvbit, tscinv, clflush

Memory: 4k page, system-wide physical 8079M (2289M free)
TotalPageFile size 8079M (AvailPageFile size 128M)
current process WorkingSet (physical memory assigned to process): 11M, peak: 11M
current process commit charge ("private bytes"): 48M, peak: 176M

vm_info: Java HotSpot(TM) 64-Bit Server VM (15.0.2+7-27) for windows-amd64 JRE (15.0.2+7-27), built on Dec  7 2020 20:07:01 by "mach5one" with unknown MS VC++:1925

END.
